<?xml version="1.0" encoding="UTF-8"?>
<testng-results skipped="0" failed="0" ignored="0" total="1" passed="1">
  <reporter-output>
    <line>
      <![CDATA[ execution started]]>
    </line>
    <line>
      <![CDATA[execution of login() has been started]]>
    </line>
    <line>
      <![CDATA[ execution stopped]]>
    </line>
  </reporter-output>
  <suite name="Default suite" duration-ms="29889" started-at="2020-05-21T20:40:42Z" finished-at="2020-05-21T20:41:12Z">
    <groups>
    </groups>
    <test name="Default test" duration-ms="29889" started-at="2020-05-21T20:40:42Z" finished-at="2020-05-21T20:41:12Z">
      <class name="test.TestActitimeLogin">
        <test-method status="PASS" signature="startExecution()[pri:0, instance:test.TestActitimeLogin@3712b94]" name="startExecution" is-config="true" duration-ms="10" started-at="2020-05-21T20:40:42Z" finished-at="2020-05-21T20:40:42Z">
          <reporter-output>
            <line>
              <![CDATA[ execution started]]>
            </line>
          </reporter-output>
        </test-method> <!-- startExecution -->
        <test-method status="PASS" signature="openApp()[pri:0, instance:test.TestActitimeLogin@3712b94]" name="openApp" is-config="true" duration-ms="29831" started-at="2020-05-21T20:40:42Z" finished-at="2020-05-21T20:41:12Z">
          <reporter-output>
          </reporter-output>
        </test-method> <!-- openApp -->
        <test-method status="PASS" signature="login()[pri:0, instance:test.TestActitimeLogin@3712b94]" name="login" duration-ms="9" started-at="2020-05-21T20:41:12Z" finished-at="2020-05-21T20:41:12Z">
          <reporter-output>
            <line>
              <![CDATA[execution of login() has been started]]>
            </line>
          </reporter-output>
        </test-method> <!-- login -->
        <test-method status="PASS" signature="closeApp()[pri:0, instance:test.TestActitimeLogin@3712b94]" name="closeApp" is-config="true" duration-ms="1" started-at="2020-05-21T20:41:12Z" finished-at="2020-05-21T20:41:12Z">
          <reporter-output>
          </reporter-output>
        </test-method> <!-- closeApp -->
        <test-method status="PASS" signature="stopExecution()[pri:0, instance:test.TestActitimeLogin@3712b94]" name="stopExecution" is-config="true" duration-ms="0" started-at="2020-05-21T20:41:12Z" finished-at="2020-05-21T20:41:12Z">
          <reporter-output>
            <line>
              <![CDATA[ execution stopped]]>
            </line>
          </reporter-output>
        </test-method> <!-- stopExecution -->
      </class> <!-- test.TestActitimeLogin -->
    </test> <!-- Default test -->
  </suite> <!-- Default suite -->
</testng-results>
